<?xml version="1.0" encoding="UTF-8"?>
<!-- Generated by org.testng.reporters.JUnitReportReporter -->
<testsuite hostname="LAPTOP-VLLNHLMJ" failures="0" tests="3" name="codenboxautomationlab.AppTest" time="1.974" errors="0" timestamp="2025-04-21T19:33:10 GMT+03:00" skipped="0">
  <testcase classname="codenboxautomationlab.AppTest" name="RadioButton" time="0.251"/>
  <system-out/>
  <testcase classname="codenboxautomationlab.AppTest" name="Dynamic_Dropdown" time="1.373"/>
  <system-out/>
  <testcase classname="codenboxautomationlab.AppTest" name="Static_Dropdown" time="0.350"/>
  <system-out/>
</testsuite> <!-- codenboxautomationlab.AppTest -->
